{
  "RSpec": {
    "coverage": {
      "/Users/timrobinson/Desktop/Coding Projects/Git Projects/oystercard/spec/journey_spec.rb": [
        1,
        null,
        1,
        5,
        3,
        null,
        1,
        1,
        null,
        null,
        1,
        1,
        null,
        null,
        1,
        1,
        1,
        1,
        null,
        null,
        1,
        1,
        1,
        1,
        null,
        null
      ],
      "/Users/timrobinson/Desktop/Coding Projects/Git Projects/oystercard/lib/journey.rb": [
        1,
        1,
        null,
        1,
        15,
        15,
        null,
        null,
        1,
        8,
        8,
        null,
        null
      ],
      "/Users/timrobinson/Desktop/Coding Projects/Git Projects/oystercard/spec/oystercard_spec.rb": [
        1,
        1,
        1,
        null,
        1,
        null,
        19,
        10,
        2,
        6,
        null,
        2,
        2,
        2,
        null,
        1,
        1,
        1,
        null,
        null,
        1,
        1,
        null,
        null,
        null,
        1,
        null,
        null,
        null,
        1,
        1,
        1,
        null,
        null,
        1,
        1,
        1,
        2,
        null,
        null,
        1,
        1,
        1,
        1,
        2,
        null,
        null,
        null,
        null,
        1,
        1,
        1,
        null,
        null,
        null,
        1,
        null,
        1,
        4,
        4,
        null,
        null,
        null,
        1,
        1,
        1,
        null,
        null,
        1,
        1,
        1,
        null,
        null,
        1,
        1,
        1,
        2,
        null,
        null,
        1,
        1,
        4,
        null,
        null,
        null,
        1,
        null,
        1,
        5,
        5,
        5,
        5,
        null,
        null,
        1,
        1,
        1,
        null,
        null,
        1,
        4,
        null,
        null,
        1,
        1,
        1,
        null,
        null,
        1,
        1,
        1,
        1,
        1,
        1,
        null,
        null,
        1,
        1,
        4,
        null,
        null,
        null
      ],
      "/Users/timrobinson/Desktop/Coding Projects/Git Projects/oystercard/lib/oystercard.rb": [
        1,
        1,
        null,
        1,
        1,
        null,
        1,
        1,
        1,
        null,
        1,
        18,
        18,
        18,
        18,
        null,
        null,
        1,
        15,
        13,
        null,
        null,
        1,
        21,
        null,
        null,
        1,
        11,
        11,
        11,
        10,
        null,
        null,
        1,
        6,
        6,
        6,
        6,
        null,
        null,
        1,
        null,
        1,
        15,
        null,
        null,
        1,
        6,
        6,
        null,
        null,
        null,
        6,
        null,
        null,
        1,
        11,
        null,
        null,
        1,
        6,
        null,
        null,
        1,
        2,
        2,
        null,
        null,
        1,
        1,
        1,
        1,
        null,
        null
      ],
      "/Users/timrobinson/Desktop/Coding Projects/Git Projects/oystercard/lib/station.rb": [
        1,
        1,
        null,
        1,
        4,
        4,
        null,
        null
      ],
      "/Users/timrobinson/Desktop/Coding Projects/Git Projects/oystercard/spec/station_spec.rb": [
        1,
        null,
        1,
        5,
        null,
        2,
        2,
        null,
        1,
        1,
        null,
        null,
        1,
        1,
        null,
        null
      ]
    },
    "timestamp": 1492525905
  }
}
