{
  "RSpec": {
    "coverage": {
      "/Users/timrobinson/Desktop/Coding Projects/Git Projects/oystercard/spec/journey_log_spec.rb": [
        1,
        null,
        1,
        9,
        5,
        null,
        1,
        2,
        2,
        2,
        null,
        null,
        1,
        1,
        1,
        1,
        null,
        null,
        null,
        1,
        1,
        1,
        1,
        1,
        null,
        null,
        1,
        1,
        1,
        1,
        null,
        null,
        null,
        1,
        1,
        1,
        null,
        null,
        1,
        1,
        1,
        1,
        1,
        null,
        null,
        null
      ],
      "/Users/timrobinson/Desktop/Coding Projects/Git Projects/oystercard/lib/journey_log.rb": [
        1,
        1,
        null,
        1,
        19,
        19,
        null,
        null,
        1,
        8,
        null,
        null,
        1,
        7,
        7,
        7,
        null,
        null,
        1,
        3,
        null,
        null,
        1,
        null,
        1,
        22,
        null,
        null,
        null
      ],
      "/Users/timrobinson/Desktop/Coding Projects/Git Projects/oystercard/spec/journey_spec.rb": [
        1,
        null,
        1,
        null,
        4,
        1,
        2,
        5,
        null,
        1,
        1,
        null,
        null,
        1,
        1,
        1,
        1,
        null,
        null,
        null,
        1,
        1,
        1,
        1,
        1,
        null,
        null,
        null,
        1,
        1,
        1,
        null,
        null,
        1,
        1,
        1,
        null,
        null,
        null
      ],
      "/Users/timrobinson/Desktop/Coding Projects/Git Projects/oystercard/lib/journey.rb": [
        1,
        1,
        null,
        1,
        1,
        null,
        1,
        11,
        null,
        null,
        1,
        2,
        null,
        null,
        1,
        8,
        8,
        null,
        null,
        1,
        9,
        6,
        null,
        null
      ],
      "/Users/timrobinson/Desktop/Coding Projects/Git Projects/oystercard/spec/oystercard_spec.rb": [
        1,
        1,
        1,
        null,
        1,
        null,
        12,
        5,
        3,
        3,
        null,
        2,
        2,
        null,
        1,
        1,
        1,
        null,
        null,
        1,
        1,
        null,
        null,
        null,
        1,
        1,
        1,
        1,
        null,
        null,
        1,
        1,
        1,
        2,
        null,
        null,
        1,
        1,
        1,
        1,
        2,
        null,
        null,
        null,
        null,
        1,
        1,
        2,
        null,
        null,
        1,
        1,
        2,
        null,
        null,
        1,
        1,
        1,
        4,
        null,
        null,
        null,
        1,
        1,
        2,
        2,
        2,
        2,
        2,
        null,
        null,
        1,
        4,
        null,
        null,
        1,
        1,
        4,
        null,
        null,
        null
      ],
      "/Users/timrobinson/Desktop/Coding Projects/Git Projects/oystercard/lib/oystercard.rb": [
        1,
        1,
        1,
        null,
        1,
        1,
        null,
        1,
        1,
        null,
        1,
        11,
        11,
        null,
        null,
        1,
        8,
        6,
        null,
        null,
        1,
        5,
        4,
        4,
        null,
        null,
        1,
        4,
        4,
        null,
        null,
        1,
        1,
        null,
        null,
        1,
        null,
        1,
        8,
        null,
        null,
        1,
        4,
        null,
        null,
        1,
        5,
        null,
        null
      ],
      "/Users/timrobinson/Desktop/Coding Projects/Git Projects/oystercard/lib/station.rb": [
        1,
        1,
        null,
        1,
        4,
        4,
        null,
        null
      ],
      "/Users/timrobinson/Desktop/Coding Projects/Git Projects/oystercard/spec/station_spec.rb": [
        1,
        null,
        1,
        5,
        null,
        2,
        2,
        null,
        1,
        1,
        null,
        null,
        1,
        1,
        null,
        null
      ]
    },
    "timestamp": 1492727079
  }
}
